<?xml version="1.0" encoding="UTF-8"?>
<testng-results skipped="0" failed="0" ignored="0" total="2" passed="2">
  <reporter-output>
  </reporter-output>
  <suite name="com.MavenTest.AppTest" duration-ms="39" started-at="2023-05-16T17:02:47 IST" finished-at="2023-05-16T17:02:47 IST">
    <groups>
    </groups>
    <test name="Command line test" duration-ms="39" started-at="2023-05-16T17:02:47 IST" finished-at="2023-05-16T17:02:47 IST">
      <class name="com.MavenTest.AppTest">
        <test-method status="PASS" signature="loginTest1()[pri:0, instance:com.MavenTest.AppTest@27efef64]" name="loginTest1" duration-ms="8" started-at="2023-05-16T17:02:47 IST" finished-at="2023-05-16T17:02:47 IST">
          <reporter-output>
          </reporter-output>
        </test-method> <!-- loginTest1 -->
        <test-method status="PASS" signature="loginTest2()[pri:0, instance:com.MavenTest.AppTest@27efef64]" name="loginTest2" duration-ms="0" started-at="2023-05-16T17:02:47 IST" finished-at="2023-05-16T17:02:47 IST">
          <reporter-output>
          </reporter-output>
        </test-method> <!-- loginTest2 -->
      </class> <!-- com.MavenTest.AppTest -->
    </test> <!-- Command line test -->
  </suite> <!-- com.MavenTest.AppTest -->
</testng-results>
